<html>
<body>
<pre>
<h1>µVision Build Log</h1>
<h2>Project:</h2>
C:\Users\kael5\Desktop\Project_Quad\github\Working\MDK-ARM\Project.uvproj
Project File Date:  09/23/2015

<h2>Output:</h2>
Build target 'Project'
compiling main.c...
..\Sensor\MPU6050.h(370): warning:  #1295-D: Deprecated declaration MPU6050_Initialize - give arg types
  void MPU6050_Initialize();
..\Sensor\MPU6050.h(371): warning:  #1295-D: Deprecated declaration MPU6050_TestConnection - give arg types
  bool MPU6050_TestConnection();
..\Sensor\MPU6050.h(374): warning:  #1295-D: Deprecated declaration MPU6050_GetFullScaleGyroRange - give arg types
  uint8_t MPU6050_GetFullScaleGyroRange();
..\Sensor\MPU6050.h(377): warning:  #1295-D: Deprecated declaration MPU6050_GetFullScaleAccelRange - give arg types
  uint8_t MPU6050_GetFullScaleAccelRange();
..\Sensor\MPU6050.h(381): warning:  #1295-D: Deprecated declaration MPU6050_GetSleepModeStatus - give arg types
  bool MPU6050_GetSleepModeStatus();
..\Sensor\MPU6050.h(385): warning:  #1295-D: Deprecated declaration MPU6050_GetDeviceID - give arg types
  uint8_t MPU6050_GetDeviceID();
..\Sensor\MPU6050.h(398): warning:  #1-D: last line of file ends without a newline
  #endif /* __MPU6050_H */
..\Algorithm\pid.h(44): warning:  #1-D: last line of file ends without a newline
  #endif
..\main.c(87): warning:  #1035-D: single-precision operand implicitly converted to double-precision
    gyroX_rate = (gyroX - gyroX_offset)/GYRO_LSB;
..\main.c(88): warning:  #1035-D: single-precision operand implicitly converted to double-precision
        gyroY_rate = (gyroY - gyroY_offset)/GYRO_LSB;
..\main.c(91): warning:  #1035-D: single-precision operand implicitly converted to double-precision
        gyroX_angle += gyroX_rate*DT;
..\main.c(92): warning:  #1035-D: single-precision operand implicitly converted to double-precision
        gyroY_angle += gyroY_rate*DT;
..\main.c(134): warning:  #177-D: variable "BLDC_M" was declared but never referenced
    u16 BLDC_M[4] = {0};
..\main.c(135): warning:  #550-D: variable "Pitch" was set but never used
    s16 Pitch = 0, Roll = 0, Yaw = 0;
..\main.c(135): warning:  #550-D: variable "Roll" was set but never used
    s16 Pitch = 0, Roll = 0, Yaw = 0;
..\main.c(135): warning:  #177-D: variable "Yaw" was declared but never referenced
    s16 Pitch = 0, Roll = 0, Yaw = 0;
..\main.c: 16 warnings, 0 errors
linking...
Program Size: Code=6856 RO-data=584 RW-data=228 ZI-data=1124  
".\Project\Project.axf" - 0 Error(s), 16 Warning(s).
</pre>
</body>
</html>
 warning:  #1-D: last line of file ends without a newline
  /*=====================================================================================================*/
..\Driver\quad_pwm_ctrl.c: 1 warning, 0 errors
linking...
.\Project\Project.axf: Error: L6218E: Undefined symbol PID_update (referred from main.o).
Not enough information to list image symbols.
Finished: 1 information, 0 warning and 1 error messages.
".\Project\Project.axf" - 1 Error(s), 18 Warning(s).
Target not created
arning:  #1-D: last line of file ends without a newline
  /*=====================================================================================================*/
..\Driver\quad_i2c_ctrl.c: 1 warning, 0 errors
compiling quad_pwm_ctrl.c...
..\Driver\quad_pwm_ctrl.c(56): error:  #20: identifier "BLDC2_PWN_MIN" is undefined
    TIM_OCInitStructure.TIM_Pulse = BLDC2_PWN_MIN;
..\Driver\quad_pwm_ctrl.c(61): error:  #20: identifier "BLDC3_PWN_MIN" is undefined
    TIM_OCInitStructure.TIM_Pulse = BLDC3_PWN_MIN;
..\Driver\quad_pwm_ctrl.c(66): error:  #20: identifier "BLDC4_PWN_MIN" is undefined
    TIM_OCInitStructure.TIM_Pulse = BLDC4_PWN_MIN;
..\Driver\quad_pwm_ctrl.c(74): error:  #20: identifier "BLDC_PWM_MIN" is undefined
    BLDC_M1 = BLDC_PWM_MIN;
..\Driver\quad_pwm_ctrl.c(99): warning:  #1-D: last line of file ends without a newline
  /*=====================================================================================================*/
..\Driver\quad_pwm_ctrl.c: 1 warning, 4 errors
".\Project\Project.axf" - 4 Error(s), 23 Warning(s).
Target not created
ing:  #1295-D: Deprecated declaration HMC5883L_GetMode - give arg types
  uint8_t HMC5883L_GetMode();
..\Sensor\HMC5883L.h(103): warning:  #1295-D: Deprecated declaration HMC5883L_GetLockStatus - give arg types
  bool HMC5883L_GetLockStatus();
..\Sensor\HMC5883L.h(104): warning:  #1295-D: Deprecated declaration HMC5883L_GetReadyStatus - give arg types
  bool HMC5883L_GetReadyStatus();
..\Sensor\HMC5883L.c: 9 warnings, 0 errors
compiling Kalman.c...
..\Algorithm\Kalman.c(154): warning:  #1-D: last line of file ends without a newline
  }
..\Algorithm\Kalman.c: 1 warning, 0 errors
compiling pid.c...
..\..\Working\main.h(7): warning:  #1-D: last line of file ends without a newline
  #endif 
..\Algorithm\pid.h(30): warning:  #1-D: last line of file ends without a newline
  #endif
..\Algorithm\pid.c(15): warning:  #1035-D: single-precision operand implicitly converted to double-precision
        pid->Ki_Value += Ki*error*pid_sampletime;
..\Algorithm\pid.c(16): warning:  #1035-D: single-precision operand implicitly converted to double-precision
        pid->Kd_Value = Kd*diff/pid_sampletime;
..\Algorithm\pid.c(30): warning:  #1-D: last line of file ends without a newline
  }
..\Algorithm\pid.c: 5 warnings, 0 errors
compiling quad_i2c_ctrl.c...
compiling quad_pwm_ctrl.c...
..\Driver\quad_pwm_ctrl.c(8): error:  #20: identifier "s" is undefined
  s
..\Driver\quad_pwm_ctrl.c(10): error:  #79: expected a type specifier
    RCC_APB1PeriphClockCmd(RCC_APB1Periph_TIM3 , ENABLE);
..\Driver\quad_pwm_ctrl.c(10): error:  #757: constant "ENABLE" is not a type name
    RCC_APB1PeriphClockCmd(RCC_APB1Periph_TIM3 , ENABLE);
..\Driver\quad_pwm_ctrl.c(49): warning:  #1-D: last line of file ends without a newline
  }
..\Driver\quad_pwm_ctrl.c(7): warning:  #177-D: variable "GPIO_InitStruct" was declared but never referenced
        GPIO_InitTypeDef           GPIO_InitStruct;
..\Driver\quad_pwm_ctrl.c: 2 warnings, 3 errors
".\Project\Project.axf" - 3 Error(s), 35 Warning(s).
Target not created
